F:\OPENCV_PROJECT\IP_CATCHER\DEBUG\IP_CATCHER.EXE
F:\OPENCV_PROJECT\IP_CATCHER\DEBUG\IP_CATCHER.ILK
F:\OPENCV_PROJECT\IP_CATCHER\DEBUG\IP_CATCHER.PDB
F:\opencv_project\IP_Catcher\IP_Catcher\Debug\cl.command.1.tlog
F:\opencv_project\IP_Catcher\IP_Catcher\Debug\CL.read.1.tlog
F:\opencv_project\IP_Catcher\IP_Catcher\Debug\CL.write.1.tlog
F:\OPENCV_PROJECT\IP_CATCHER\IP_CATCHER\DEBUG\IP_CATCHER.EXE.EMBED.MANIFEST
F:\OPENCV_PROJECT\IP_CATCHER\IP_CATCHER\DEBUG\IP_CATCHER.EXE.EMBED.MANIFEST.RES
F:\OPENCV_PROJECT\IP_CATCHER\IP_CATCHER\DEBUG\IP_CATCHER.EXE.INTERMEDIATE.MANIFEST
F:\OPENCV_PROJECT\IP_CATCHER\IP_CATCHER\DEBUG\IP_CATCHER.OBJ
F:\OPENCV_PROJECT\IP_CATCHER\IP_CATCHER\DEBUG\IP_CATCHER.PCH
F:\OPENCV_PROJECT\IP_CATCHER\IP_CATCHER\DEBUG\IP_CATCHER.RES
F:\opencv_project\IP_Catcher\IP_Catcher\Debug\IP_Catcher_manifest.rc
F:\OPENCV_PROJECT\IP_CATCHER\IP_CATCHER\DEBUG\IP_CATCHERDLG.OBJ
F:\OPENCV_PROJECT\IP_CATCHER\IP_CATCHER\DEBUG\IP_INFO.OBJ
F:\opencv_project\IP_Catcher\IP_Catcher\Debug\link.command.1.tlog
F:\opencv_project\IP_Catcher\IP_Catcher\Debug\link.read.1.tlog
F:\opencv_project\IP_Catcher\IP_Catcher\Debug\link.write.1.tlog
F:\opencv_project\IP_Catcher\IP_Catcher\Debug\link-cvtres.read.1.tlog
F:\opencv_project\IP_Catcher\IP_Catcher\Debug\link-cvtres.write.1.tlog
F:\opencv_project\IP_Catcher\IP_Catcher\Debug\mt.command.1.tlog
F:\opencv_project\IP_Catcher\IP_Catcher\Debug\mt.read.1.tlog
F:\opencv_project\IP_Catcher\IP_Catcher\Debug\mt.write.1.tlog
F:\opencv_project\IP_Catcher\IP_Catcher\Debug\rc.command.1.tlog
F:\opencv_project\IP_Catcher\IP_Catcher\Debug\rc.read.1.tlog
F:\opencv_project\IP_Catcher\IP_Catcher\Debug\rc.write.1.tlog
F:\OPENCV_PROJECT\IP_CATCHER\IP_CATCHER\DEBUG\STDAFX.OBJ
F:\opencv_project\IP_Catcher\IP_Catcher\Debug\vc100.idb
F:\OPENCV_PROJECT\IP_CATCHER\IP_CATCHER\DEBUG\VC100.PDB
