F:\opencv_project\IP_Catcher\IP_Catcher\Release\cl.command.1.tlog
F:\opencv_project\IP_Catcher\IP_Catcher\Release\CL.read.1.tlog
F:\opencv_project\IP_Catcher\IP_Catcher\Release\CL.write.1.tlog
F:\OPENCV_PROJECT\IP_CATCHER\IP_CATCHER\RELEASE\IP_CATCHER.EXE.INTERMEDIATE.MANIFEST
F:\OPENCV_PROJECT\IP_CATCHER\IP_CATCHER\RELEASE\IP_CATCHER.OBJ
F:\OPENCV_PROJECT\IP_CATCHER\IP_CATCHER\RELEASE\IP_CATCHER.PCH
F:\OPENCV_PROJECT\IP_CATCHER\IP_CATCHER\RELEASE\IP_CATCHER.RES
F:\OPENCV_PROJECT\IP_CATCHER\IP_CATCHER\RELEASE\IP_CATCHERDLG.OBJ
F:\OPENCV_PROJECT\IP_CATCHER\IP_CATCHER\RELEASE\IP_INFO.OBJ
F:\opencv_project\IP_Catcher\IP_Catcher\Release\link.command.1.tlog
F:\opencv_project\IP_Catcher\IP_Catcher\Release\link.read.1.tlog
F:\opencv_project\IP_Catcher\IP_Catcher\Release\link.write.1.tlog
F:\opencv_project\IP_Catcher\IP_Catcher\Release\link-cvtres.read.1.tlog
F:\opencv_project\IP_Catcher\IP_Catcher\Release\link-cvtres.write.1.tlog
F:\opencv_project\IP_Catcher\IP_Catcher\Release\mt.command.1.tlog
F:\opencv_project\IP_Catcher\IP_Catcher\Release\mt.read.1.tlog
F:\opencv_project\IP_Catcher\IP_Catcher\Release\mt.write.1.tlog
F:\opencv_project\IP_Catcher\IP_Catcher\Release\rc.command.1.tlog
F:\opencv_project\IP_Catcher\IP_Catcher\Release\rc.read.1.tlog
F:\opencv_project\IP_Catcher\IP_Catcher\Release\rc.write.1.tlog
F:\OPENCV_PROJECT\IP_CATCHER\IP_CATCHER\RELEASE\STDAFX.OBJ
F:\OPENCV_PROJECT\IP_CATCHER\IP_CATCHER\RELEASE\VC100.PDB
F:\OPENCV_PROJECT\IP_CATCHER\RELEASE\IP_CATCHER.EXE
F:\OPENCV_PROJECT\IP_CATCHER\RELEASE\IP_CATCHER.PDB
